0 verbose cli C:\Program Files\nodejs\node.exe C:\Program Files\nodejs\node_modules\npm\bin\npm-cli.js
1 info using npm@11.16.0
2 info using node@v24.18.0
3 silly config load:file:C:\Program Files\nodejs\node_modules\npm\npmrc
4 silly config load:file:C:\Newfolder\fyp\AssetManagementSystem\.npmrc
5 silly config load:file:C:\Newfolder\fyp\AssetManagementSystem\npmrc
6 silly config load:file:C:\Users\User\AppData\Roaming\npm\etc\npmrc
7 verbose title npm pack express-validator
8 verbose argv "pack" "express-validator"
9 verbose logfile logs-max:10 dir:C:\Newfolder\fyp\AssetManagementSystem\npm-cache\_logs\2026-07-06T14_20_30_137Z-
10 verbose logfile C:\Newfolder\fyp\AssetManagementSystem\npm-cache\_logs\2026-07-06T14_20_30_137Z-debug-0.log
11 silly logfile done cleaning log files
12 http fetch GET https://registry.npmjs.org/express-validator attempt 1 failed with EACCES
13 http fetch GET https://registry.npmjs.org/express-validator attempt 2 failed with EACCES
14 http fetch GET https://registry.npmjs.org/express-validator attempt 3 failed with EACCES
15 verbose type system
16 verbose stack FetchError: request to https://registry.npmjs.org/express-validator failed, reason: 
16 verbose stack     at ClientRequest.<anonymous> (C:\Program Files\nodejs\node_modules\npm\node_modules\minipass-fetch\lib\index.js:130:14)
16 verbose stack     at ClientRequest.emit (node:events:509:28)
16 verbose stack     at emitErrorEvent (node:_http_client:109:11)
16 verbose stack     at _destroy (node:_http_client:993:9)
16 verbose stack     at onSocketNT (node:_http_client:1014:5)
16 verbose stack     at process.processTicksAndRejections (node:internal/process/task_queues:91:21)
17 error code EACCES
18 error errno EACCES
19 error FetchError: request to https://registry.npmjs.org/express-validator failed, reason: 
19 error     at ClientRequest.<anonymous> (C:\Program Files\nodejs\node_modules\npm\node_modules\minipass-fetch\lib\index.js:130:14)
19 error     at ClientRequest.emit (node:events:509:28)
19 error     at emitErrorEvent (node:_http_client:109:11)
19 error     at _destroy (node:_http_client:993:9)
19 error     at onSocketNT (node:_http_client:1014:5)
19 error     at process.processTicksAndRejections (node:internal/process/task_queues:91:21) {
19 error   code: 'EACCES',
19 error   errno: 'EACCES',
19 error   type: 'system'
19 error }
20 error
20 error The operation was rejected by your operating system.
20 error It's possible that the file was already in use (by a text editor or antivirus), or that you lack permissions to access it.
20 error
20 error If you believe this might be a permissions issue, please double-check the permissions of the file and its containing directories, or try running the command again as root/Administrator.
21 verbose cwd C:\Newfolder\fyp\AssetManagementSystem
22 verbose os Windows_NT 10.0.26200
23 verbose node v24.18.0
24 verbose npm  v11.16.0
25 verbose exit 1
26 verbose code 1
27 error A complete log of this run can be found in: C:\Newfolder\fyp\AssetManagementSystem\npm-cache\_logs\2026-07-06T14_20_30_137Z-debug-0.log
