0 verbose cli C:\Program Files\nodejs\node.exe C:\Program Files\nodejs\node_modules\npm\bin\npm-cli.js
1 info using npm@11.16.0
2 info using node@v24.18.0
3 silly config load:file:C:\Program Files\nodejs\node_modules\npm\npmrc
4 silly config load:file:C:\Newfolder\fyp\AssetManagementSystem\.npmrc
5 silly config load:file:C:\Newfolder\fyp\AssetManagementSystem\npmrc
6 silly config load:file:C:\Users\User\AppData\Roaming\npm\etc\npmrc
7 verbose title npm install express-validator
8 verbose argv "install" "express-validator" "--userconfig" "./npmrc" "--cache" "./npm-cache"
9 verbose logfile logs-max:10 dir:C:\Newfolder\fyp\AssetManagementSystem\npm-cache\_logs\2026-07-06T14_22_36_017Z-
10 verbose logfile C:\Newfolder\fyp\AssetManagementSystem\npm-cache\_logs\2026-07-06T14_22_36_017Z-debug-0.log
11 warn Unknown env config "tmp". This will stop working in the next major version of npm. See `npm help npmrc` for supported config options.
12 silly logfile start cleaning logs, removing 1 files
13 silly logfile done cleaning log files
14 silly packumentCache heap:4496293888 maxSize:1124073472 maxEntrySize:562036736
15 silly idealTree buildDeps
16 silly fetch manifest react@^18.2.0
17 silly packumentCache full:https://registry.npmjs.org/react cache-miss
18 http fetch GET https://registry.npmjs.org/react attempt 1 failed with EACCES
19 http fetch GET https://registry.npmjs.org/react attempt 2 failed with EACCES
20 http fetch GET https://registry.npmjs.org/react attempt 3 failed with EACCES
21 silly fetch manifest react-dom@^18.2.0
22 silly packumentCache full:https://registry.npmjs.org/react-dom cache-miss
23 http fetch GET https://registry.npmjs.org/react-dom attempt 1 failed with EACCES
24 http fetch GET https://registry.npmjs.org/react-dom attempt 2 failed with EACCES
25 http fetch GET https://registry.npmjs.org/react-dom attempt 3 failed with EACCES
26 silly fetch manifest react-scripts@5.0.1
27 silly packumentCache full:https://registry.npmjs.org/react-scripts cache-miss
28 http fetch GET https://registry.npmjs.org/react-scripts attempt 1 failed with EACCES
29 http fetch GET https://registry.npmjs.org/react-scripts attempt 2 failed with EACCES
30 http fetch GET https://registry.npmjs.org/react-scripts attempt 3 failed with EACCES
31 silly fetch manifest express-validator@*
32 silly packumentCache full:https://registry.npmjs.org/express-validator cache-miss
33 http fetch GET https://registry.npmjs.org/express-validator attempt 1 failed with EACCES
34 http fetch GET https://registry.npmjs.org/express-validator attempt 2 failed with EACCES
35 http fetch GET https://registry.npmjs.org/express-validator attempt 3 failed with EACCES
36 silly placeDep ROOT express-validator@ OK for: frontend@1.0.0 want: *
37 silly placeDep ROOT react@ OK for: frontend@1.0.0 want: ^18.2.0
38 silly placeDep ROOT react-dom@ OK for: frontend@1.0.0 want: ^18.2.0
39 silly placeDep ROOT react-scripts@ OK for: frontend@1.0.0 want: 5.0.1
40 verbose type system
41 verbose stack FetchError: request to https://registry.npmjs.org/express-validator failed, reason: 
41 verbose stack     at ClientRequest.<anonymous> (C:\Program Files\nodejs\node_modules\npm\node_modules\minipass-fetch\lib\index.js:130:14)
41 verbose stack     at ClientRequest.emit (node:events:509:28)
41 verbose stack     at emitErrorEvent (node:_http_client:109:11)
41 verbose stack     at _destroy (node:_http_client:993:9)
41 verbose stack     at onSocketNT (node:_http_client:1014:5)
41 verbose stack     at process.processTicksAndRejections (node:internal/process/task_queues:91:21)
42 error code EACCES
43 error errno EACCES
44 error FetchError: request to https://registry.npmjs.org/express-validator failed, reason: 
44 error     at ClientRequest.<anonymous> (C:\Program Files\nodejs\node_modules\npm\node_modules\minipass-fetch\lib\index.js:130:14)
44 error     at ClientRequest.emit (node:events:509:28)
44 error     at emitErrorEvent (node:_http_client:109:11)
44 error     at _destroy (node:_http_client:993:9)
44 error     at onSocketNT (node:_http_client:1014:5)
44 error     at process.processTicksAndRejections (node:internal/process/task_queues:91:21) {
44 error   code: 'EACCES',
44 error   errno: 'EACCES',
44 error   type: 'system',
44 error   requiredBy: '.'
44 error }
45 error
45 error The operation was rejected by your operating system.
45 error It's possible that the file was already in use (by a text editor or antivirus), or that you lack permissions to access it.
45 error
45 error If you believe this might be a permissions issue, please double-check the permissions of the file and its containing directories, or try running the command again as root/Administrator.
46 silly unfinished npm timer reify 1783347756508
47 silly unfinished npm timer reify:loadTrees 1783347756509
48 verbose cwd C:\Newfolder\fyp\AssetManagementSystem
49 verbose os Windows_NT 10.0.26200
50 verbose node v24.18.0
51 verbose npm  v11.16.0
52 verbose exit 1
53 verbose code 1
54 error A complete log of this run can be found in: C:\Newfolder\fyp\AssetManagementSystem\npm-cache\_logs\2026-07-06T14_22_36_017Z-debug-0.log
